<?xml version="1.0" encoding="UTF-8"?>
<testsuite xmlns:xsi="http://www.w3.org/2001/XMLSchema-instance" xsi:noNamespaceSchemaLocation="https://maven.apache.org/surefire/maven-surefire-plugin/xsd/surefire-test-report-3.0.xsd" version="3.0" name="horizonleap.gestao.pedido.GestaoPedidoApplicationTests" time="4.947" tests="1" errors="0" skipped="0" failures="0">
  <properties>
[...]
</properties>
  <testcase name="contextLoads" classname="horizonleap.gestao.pedido.GestaoPedidoApplicationTests" time="0.518">
    <system-out><![CDATA[Standard Commons Logging discovery in action with spring-jcl: please remove commons-logging.jar from classpath in order to avoid potential conflicts
14:32:03.125 [main] INFO org.springframework.test.context.support.AnnotationConfigContextLoaderUtils -- Could not detect default configuration classes for test class [horizonleap.gestao.pedido.GestaoPedidoApplicationTests]: GestaoPedidoApplicationTests does not declare any static, non-private, non-final, nested classes annotated with @Configuration.
14:32:03.217 [main] INFO org.springframework.boot.test.context.SpringBootTestContextBootstrapper -- Found @SpringBootConfiguration horizonleap.gestao.pedido.GestaoPedidoApplication for test class horizonleap.gestao.pedido.GestaoPedidoApplicationTests

  .   ____          _            __ _ _
 /\\ / ___'_ __ _ _(_)_ __  __ _ \ \ \ \
( ( )\___ | '_ | '_| | '_ \/ _` | \ \ \ \
 \\/  ___)| |_)| | | | | || (_| |  ) ) ) )
  '  |____| .__|_| |_|_| |_\__, | / / / /
 =========|_|==============|___/=/_/_/_/

 :: Spring Boot ::                (v3.3.5)

2024-12-07T14:32:03.622-03:00  WARN 5968 --- [gestao-pedido] [           main] ory$DuplicateJsonObjectContextCustomizer : 

Found multiple occurrences of org.json.JSONObject on the class path:

	jar:file:/C:/Users/Gustavo/.m2/repository/org/json/json/20240303/json-20240303.jar!/org/json/JSONObject.class
	jar:file:/C:/Users/Gustavo/.m2/repository/com/vaadin/external/google/android-json/0.0.20131108.vaadin1/android-json-0.0.20131108.vaadin1.jar!/org/json/JSONObject.class

You may wish to exclude one of them to ensure predictable runtime behavior

2024-12-07T14:32:03.641-03:00  INFO 5968 --- [gestao-pedido] [           main] h.g.pedido.GestaoPedidoApplicationTests  : Starting GestaoPedidoApplicationTests using Java 17.0.11 with PID 5968 (started by Gustavo in C:\Users\Gustavo\PosGraduacao\TC4\TC4GestaoPedidos)
2024-12-07T14:32:03.642-03:00  INFO 5968 --- [gestao-pedido] [           main] h.g.pedido.GestaoPedidoApplicationTests  : No active profile set, falling back to 1 default profile: "default"
2024-12-07T14:32:04.459-03:00  INFO 5968 --- [gestao-pedido] [           main] .s.d.r.c.RepositoryConfigurationDelegate : Bootstrapping Spring Data JPA repositories in DEFAULT mode.
2024-12-07T14:32:04.477-03:00  INFO 5968 --- [gestao-pedido] [           main] .s.d.r.c.RepositoryConfigurationDelegate : Finished Spring Data repository scanning in 11 ms. Found 0 JPA repository interfaces.
2024-12-07T14:32:04.620-03:00  INFO 5968 --- [gestao-pedido] [           main] faultConfiguringBeanFactoryPostProcessor : No bean named 'errorChannel' has been explicitly defined. Therefore, a default PublishSubscribeChannel will be created.
2024-12-07T14:32:04.628-03:00  INFO 5968 --- [gestao-pedido] [           main] faultConfiguringBeanFactoryPostProcessor : No bean named 'integrationHeaderChannelRegistry' has been explicitly defined. Therefore, a default DefaultHeaderChannelRegistry will be created.
2024-12-07T14:32:05.091-03:00  INFO 5968 --- [gestao-pedido] [           main] com.zaxxer.hikari.HikariDataSource       : HikariPool-1 - Starting...
2024-12-07T14:32:05.297-03:00  INFO 5968 --- [gestao-pedido] [           main] com.zaxxer.hikari.pool.HikariPool        : HikariPool-1 - Added connection conn0: url=jdbc:h2:mem:testdb user=SA
2024-12-07T14:32:05.299-03:00  INFO 5968 --- [gestao-pedido] [           main] com.zaxxer.hikari.HikariDataSource       : HikariPool-1 - Start completed.
2024-12-07T14:32:05.342-03:00  INFO 5968 --- [gestao-pedido] [           main] o.hibernate.jpa.internal.util.LogHelper  : HHH000204: Processing PersistenceUnitInfo [name: default]
2024-12-07T14:32:05.402-03:00  INFO 5968 --- [gestao-pedido] [           main] org.hibernate.Version                    : HHH000412: Hibernate ORM core version 6.5.3.Final
2024-12-07T14:32:05.441-03:00  INFO 5968 --- [gestao-pedido] [           main] o.h.c.internal.RegionFactoryInitiator    : HHH000026: Second-level cache disabled
2024-12-07T14:32:05.751-03:00  INFO 5968 --- [gestao-pedido] [           main] o.s.o.j.p.SpringPersistenceUnitInfo      : No LoadTimeWeaver setup: ignoring JPA class transformer
2024-12-07T14:32:06.098-03:00  INFO 5968 --- [gestao-pedido] [           main] o.h.e.t.j.p.i.JtaPlatformInitiator       : HHH000489: No JTA platform available (set 'hibernate.transaction.jta.platform' to enable JTA platform integration)
2024-12-07T14:32:06.103-03:00  INFO 5968 --- [gestao-pedido] [           main] j.LocalContainerEntityManagerFactoryBean : Initialized JPA EntityManagerFactory for persistence unit 'default'
2024-12-07T14:32:06.385-03:00  WARN 5968 --- [gestao-pedido] [           main] JpaBaseConfiguration$JpaWebConfiguration : spring.jpa.open-in-view is enabled by default. Therefore, database queries may be performed during view rendering. Explicitly configure spring.jpa.open-in-view to disable this warning
2024-12-07T14:32:06.969-03:00  INFO 5968 --- [gestao-pedido] [           main] o.s.b.a.h2.H2ConsoleAutoConfiguration    : H2 console available at '/h2-console'. Database available at 'jdbc:h2:mem:testdb'
2024-12-07T14:32:07.240-03:00  INFO 5968 --- [gestao-pedido] [           main] o.s.i.endpoint.EventDrivenConsumer       : Adding {logging-channel-adapter:_org.springframework.integration.errorLogger} as a subscriber to the 'errorChannel' channel
2024-12-07T14:32:07.240-03:00  INFO 5968 --- [gestao-pedido] [           main] o.s.i.channel.PublishSubscribeChannel    : Channel 'gestao-pedido.errorChannel' has 1 subscriber(s).
2024-12-07T14:32:07.240-03:00  INFO 5968 --- [gestao-pedido] [           main] o.s.i.endpoint.EventDrivenConsumer       : started bean '_org.springframework.integration.errorLogger'
2024-12-07T14:32:07.240-03:00  INFO 5968 --- [gestao-pedido] [           main] o.s.i.endpoint.EventDrivenConsumer       : Adding {router} as a subscriber to the 'fazedorPedidos_integrationflow.channel#0' channel
2024-12-07T14:32:07.241-03:00  INFO 5968 --- [gestao-pedido] [           main] o.s.integration.channel.DirectChannel    : Channel 'gestao-pedido.fazedorPedidos_integrationflow.channel#0' has 1 subscriber(s).
2024-12-07T14:32:07.241-03:00  INFO 5968 --- [gestao-pedido] [           main] o.s.i.endpoint.EventDrivenConsumer       : started bean 'fazedorPedidos_integrationflow.org.springframework.integration.config.ConsumerEndpointFactoryBean#0'
2024-12-07T14:32:07.242-03:00  INFO 5968 --- [gestao-pedido] [           main] o.s.c.s.binder.DefaultBinderFactory      : Creating binder: rabbit
2024-12-07T14:32:07.242-03:00  INFO 5968 --- [gestao-pedido] [           main] o.s.c.s.binder.DefaultBinderFactory      : Constructing binder child context for rabbit
2024-12-07T14:32:07.302-03:00  INFO 5968 --- [gestao-pedido] [           main] o.s.c.s.binder.DefaultBinderFactory      : Caching the binder: rabbit
2024-12-07T14:32:07.314-03:00  INFO 5968 --- [gestao-pedido] [           main] o.s.a.r.c.CachingConnectionFactory       : Attempting to connect to: [localhost:5672]
2024-12-07T14:32:07.334-03:00  INFO 5968 --- [gestao-pedido] [           main] o.s.c.s.m.DirectWithAttributesChannel    : Channel 'gestao-pedido.fazedorPedidos-out-0' has 1 subscriber(s).
2024-12-07T14:32:07.368-03:00  INFO 5968 --- [gestao-pedido] [           main] o.s.i.e.SourcePollingChannelAdapter      : started bean 'fazedorPedidos-out-0_spca'
2024-12-07T14:32:07.377-03:00  INFO 5968 --- [gestao-pedido] [           main] h.g.pedido.GestaoPedidoApplicationTests  : Started GestaoPedidoApplicationTests in 4.011 seconds (process running for 4.876)
2024-12-07T14:32:07.404-03:00  INFO 5968 --- [gestao-pedido] [   scheduling-1] o.s.a.r.c.CachingConnectionFactory       : Attempting to connect to: [localhost:5672]
2024-12-07T14:32:07.432-03:00 ERROR 5968 --- [gestao-pedido] [   scheduling-1] o.s.integration.handler.LoggingHandler   : org.springframework.messaging.MessageHandlingException: error occurred in message handler [org.springframework.integration.amqp.outbound.AmqpOutboundEndpoint@2a210710], failedMessage=GenericMessage [payload=byte[2], headers={contentType=application/json, id=8ee2805b-43ba-3e29-abe4-c756b5e29ecf, timestamp=1733592727399}]
	at org.springframework.integration.support.utils.IntegrationUtils.wrapInHandlingExceptionIfNecessary(IntegrationUtils.java:191)
	at org.springframework.integration.handler.AbstractMessageHandler.doHandleMessage(AbstractMessageHandler.java:108)
	at org.springframework.integration.handler.AbstractMessageHandler.handleMessage(AbstractMessageHandler.java:73)
	at org.springframework.cloud.stream.binder.AbstractMessageChannelBinder$SendingHandler.handleMessageInternal(AbstractMessageChannelBinder.java:1197)
	at org.springframework.integration.handler.AbstractMessageHandler.doHandleMessage(AbstractMessageHandler.java:105)
	at org.springframework.integration.handler.AbstractMessageHandler.handleMessage(AbstractMessageHandler.java:73)
	at org.springframework.integration.dispatcher.AbstractDispatcher.tryOptimizedDispatch(AbstractDispatcher.java:132)
	at org.springframework.integration.dispatcher.UnicastingDispatcher.doDispatch(UnicastingDispatcher.java:148)
	at org.springframework.integration.dispatcher.UnicastingDispatcher.dispatch(UnicastingDispatcher.java:121)
	at org.springframework.integration.channel.AbstractSubscribableChannel.doSend(AbstractSubscribableChannel.java:72)
	at org.springframework.integration.channel.AbstractMessageChannel.sendInternal(AbstractMessageChannel.java:390)
	at org.springframework.integration.channel.AbstractMessageChannel.send(AbstractMessageChannel.java:334)
	at org.springframework.messaging.core.GenericMessagingTemplate.doSend(GenericMessagingTemplate.java:187)
	at org.springframework.messaging.core.GenericMessagingTemplate.doSend(GenericMessagingTemplate.java:166)
	at org.springframework.messaging.core.GenericMessagingTemplate.doSend(GenericMessagingTemplate.java:47)
	at org.springframework.messaging.core.AbstractMessageSendingTemplate.send(AbstractMessageSendingTemplate.java:109)
	at org.springframework.integration.router.AbstractMessageRouter.doSend(AbstractMessageRouter.java:238)
	at org.springframework.integration.router.AbstractMessageRouter.handleMessageInternal(AbstractMessageRouter.java:220)
	at org.springframework.integration.handler.AbstractMessageHandler.doHandleMessage(AbstractMessageHandler.java:105)
	at org.springframework.integration.handler.AbstractMessageHandler.handleMessage(AbstractMessageHandler.java:73)
	at org.springframework.integration.dispatcher.AbstractDispatcher.tryOptimizedDispatch(AbstractDispatcher.java:132)
	at org.springframework.integration.dispatcher.UnicastingDispatcher.doDispatch(UnicastingDispatcher.java:148)
	at org.springframework.integration.dispatcher.UnicastingDispatcher.dispatch(UnicastingDispatcher.java:121)
	at org.springframework.integration.channel.AbstractSubscribableChannel.doSend(AbstractSubscribableChannel.java:72)
	at org.springframework.integration.channel.AbstractMessageChannel.sendInternal(AbstractMessageChannel.java:390)
	at org.springframework.integration.channel.AbstractMessageChannel.send(AbstractMessageChannel.java:334)
	at org.springframework.integration.channel.AbstractMessageChannel.send(AbstractMessageChannel.java:304)
	at org.springframework.messaging.core.GenericMessagingTemplate.doSend(GenericMessagingTemplate.java:187)
	at org.springframework.messaging.core.GenericMessagingTemplate.doSend(GenericMessagingTemplate.java:166)
	at org.springframework.messaging.core.GenericMessagingTemplate.doSend(GenericMessagingTemplate.java:47)
	at org.springframework.messaging.core.AbstractMessageSendingTemplate.send(AbstractMessageSendingTemplate.java:109)
	at org.springframework.integration.endpoint.SourcePollingChannelAdapter.handleMessage(SourcePollingChannelAdapter.java:204)
	at org.springframework.integration.endpoint.AbstractPollingEndpoint.messageReceived(AbstractPollingEndpoint.java:481)
	at org.springframework.integration.endpoint.AbstractPollingEndpoint.doPoll(AbstractPollingEndpoint.java:467)
	at org.springframework.integration.endpoint.AbstractPollingEndpoint.pollForMessage(AbstractPollingEndpoint.java:419)
	at org.springframework.integration.endpoint.AbstractPollingEndpoint.lambda$createPoller$4(AbstractPollingEndpoint.java:355)
	at org.springframework.integration.util.ErrorHandlingTaskExecutor.lambda$execute$0(ErrorHandlingTaskExecutor.java:56)
	at org.springframework.core.task.SyncTaskExecutor.execute(SyncTaskExecutor.java:50)
	at org.springframework.integration.util.ErrorHandlingTaskExecutor.execute(ErrorHandlingTaskExecutor.java:54)
	at org.springframework.integration.endpoint.AbstractPollingEndpoint.lambda$createPoller$5(AbstractPollingEndpoint.java:348)
	at org.springframework.scheduling.support.DelegatingErrorHandlingRunnable.run(DelegatingErrorHandlingRunnable.java:54)
	at org.springframework.scheduling.concurrent.ReschedulingRunnable.run(ReschedulingRunnable.java:96)
	at java.base/java.util.concurrent.Executors$RunnableAdapter.call(Executors.java:539)
	at java.base/java.util.concurrent.FutureTask.run(FutureTask.java:264)
	at java.base/java.util.concurrent.ScheduledThreadPoolExecutor$ScheduledFutureTask.run(ScheduledThreadPoolExecutor.java:304)
	at java.base/java.util.concurrent.ThreadPoolExecutor.runWorker(ThreadPoolExecutor.java:1136)
	at java.base/java.util.concurrent.ThreadPoolExecutor$Worker.run(ThreadPoolExecutor.java:635)
	at java.base/java.lang.Thread.run(Thread.java:842)
Caused by: org.springframework.amqp.AmqpConnectException: java.net.ConnectException: Connection refused: no further information
	at org.springframework.amqp.rabbit.support.RabbitExceptionTranslator.convertRabbitAccessException(RabbitExceptionTranslator.java:61)
	at org.springframework.amqp.rabbit.connection.AbstractConnectionFactory.createBareConnection(AbstractConnectionFactory.java:622)
	at org.springframework.amqp.rabbit.connection.CachingConnectionFactory.createConnection(CachingConnectionFactory.java:726)
	at org.springframework.amqp.rabbit.connection.ConnectionFactoryUtils.createConnection(ConnectionFactoryUtils.java:254)
	at org.springframework.amqp.rabbit.core.RabbitTemplate.doExecute(RabbitTemplate.java:2249)
	at org.springframework.amqp.rabbit.core.RabbitTemplate.execute(RabbitTemplate.java:2222)
	at org.springframework.amqp.rabbit.core.RabbitTemplate.send(RabbitTemplate.java:1122)
	at org.springframework.integration.amqp.outbound.AmqpOutboundEndpoint.doRabbitSend(AmqpOutboundEndpoint.java:250)
	at org.springframework.integration.amqp.outbound.AmqpOutboundEndpoint.send(AmqpOutboundEndpoint.java:231)
	at org.springframework.integration.amqp.outbound.AmqpOutboundEndpoint.handleRequestMessage(AmqpOutboundEndpoint.java:180)
	at org.springframework.integration.handler.AbstractReplyProducingMessageHandler.handleMessageInternal(AbstractReplyProducingMessageHandler.java:145)
	at org.springframework.integration.handler.AbstractMessageHandler.doHandleMessage(AbstractMessageHandler.java:105)
	... 46 more
Caused by: java.net.ConnectException: Connection refused: no further information
	at java.base/sun.nio.ch.Net.pollConnect(Native Method)
	at java.base/sun.nio.ch.Net.pollConnectNow(Net.java:672)
	at java.base/sun.nio.ch.NioSocketImpl.timedFinishConnect(NioSocketImpl.java:547)
	at java.base/sun.nio.ch.NioSocketImpl.connect(NioSocketImpl.java:602)
	at java.base/java.net.SocksSocketImpl.connect(SocksSocketImpl.java:327)
	at java.base/java.net.Socket.connect(Socket.java:633)
	at com.rabbitmq.client.impl.SocketFrameHandlerFactory.create(SocketFrameHandlerFactory.java:61)
	at com.rabbitmq.client.ConnectionFactory.newConnection(ConnectionFactory.java:1249)
	at com.rabbitmq.client.ConnectionFactory.newConnection(ConnectionFactory.java:1198)
	at org.springframework.amqp.rabbit.connection.AbstractConnectionFactory.connectAddresses(AbstractConnectionFactory.java:668)
	at org.springframework.amqp.rabbit.connection.AbstractConnectionFactory.connect(AbstractConnectionFactory.java:637)
	at org.springframework.amqp.rabbit.connection.AbstractConnectionFactory.createBareConnection(AbstractConnectionFactory.java:584)
	... 56 more

]]></system-out>
  </testcase>
</testsuite>